<?xml version="1.0" encoding="UTF-8"?>
<!-- Generated by org.testng.reporters.JUnitReportReporter -->
<testsuite hostname="DESKTOP-SIRT25H" failures="0" tests="2" name="testRunner.AppTest" time="0.345" errors="2" timestamp="2024-10-27T16:09:49 IST" skipped="0">
  <testcase classname="testRunner.AppTest" name="runScenario" time="0.014">
    <error message=".\PropertyFiles\Environment.properties (The system cannot find the file specified)" type="java.io.FileNotFoundException">
      <![CDATA[java.io.FileNotFoundException: .\PropertyFiles\Environment.properties (The system cannot find the file specified)
at java.base/java.io.FileInputStream.open0(Native Method)
at java.base/java.io.FileInputStream.open(FileInputStream.java:213)
at java.base/java.io.FileInputStream.<init>(FileInputStream.java:152)
at java.base/java.io.FileInputStream.<init>(FileInputStream.java:106)
at commonFunctions.FunctionLibrary.startBrowser(FunctionLibrary.java:32)
at stepDefination.ERPSteps.launch_browser_as(ERPSteps.java:14)
at ✽.Launch browser as(file:FeatureFiles/Suppiler.feature:7)
]]>
    </error>
  </testcase> <!-- runScenario -->
  <system-out/>
  <testcase classname="testRunner.AppTest" name="runScenario" time="0.331">
    <error message=".\PropertyFiles\Environment.properties (The system cannot find the file specified)" type="java.io.FileNotFoundException">
      <![CDATA[java.io.FileNotFoundException: .\PropertyFiles\Environment.properties (The system cannot find the file specified)
at java.base/java.io.FileInputStream.open0(Native Method)
at java.base/java.io.FileInputStream.open(FileInputStream.java:213)
at java.base/java.io.FileInputStream.<init>(FileInputStream.java:152)
at java.base/java.io.FileInputStream.<init>(FileInputStream.java:106)
at commonFunctions.FunctionLibrary.startBrowser(FunctionLibrary.java:32)
at stepDefination.ERPSteps.launch_browser_as(ERPSteps.java:14)
at ✽.Launch browser as(file:FeatureFiles/Suppiler.feature:7)
]]>
    </error>
  </testcase> <!-- runScenario -->
  <system-out/>
</testsuite> <!-- testRunner.AppTest -->
